2014/02/27 02:09:45 [error] [exception.CException] exception 'CException' with message 'Property "LoginForm.rememberMe" is not defined.' in /Users/YuKaSyariPhudin/Desktop/319Final/framework/base/CComponent.php:130
Stack trace:
#0 /Users/YuKaSyariPhudin/Desktop/319Final/framework/web/helpers/CHtml.php(2529): CComponent->__get('rememberMe')
#1 /Users/YuKaSyariPhudin/Desktop/319Final/framework/web/helpers/CHtml.php(1743): CHtml::resolveValue(Object(LoginForm), 'rememberMe')
#2 /Users/YuKaSyariPhudin/Desktop/319Final/framework/web/widgets/CActiveForm.php(831): CHtml::activeCheckBox(Object(LoginForm), 'rememberMe', Array)
#3 /Users/YuKaSyariPhudin/Desktop/319Final/team6/protected/extensions/bootstrap/widgets/input/TbInputHorizontal.php(51): CActiveForm->checkBox(Object(LoginForm), 'rememberMe', Array)
#4 /Users/YuKaSyariPhudin/Desktop/319Final/team6/protected/extensions/bootstrap/widgets/input/TbInput.php(189): TbInputHorizontal->checkBox()
#5 /Users/YuKaSyariPhudin/Desktop/319Final/team6/protected/extensions/bootstrap/widgets/input/TbInputHorizontal.php(24): TbInput->run()
#6 /Users/YuKaSyariPhudin/Desktop/319Final/framework/web/CBaseController.php(173): TbInputHorizontal->run()
#7 /Users/YuKaSyariPhudin/Desktop/319Final/team6/protected/extensions/bootstrap/widgets/TbActiveForm.php(497): CBaseController->widget('bootstrap.widge...', Array)
#8 /Users/YuKaSyariPhudin/Desktop/319Final/team6/protected/extensions/bootstrap/widgets/TbActiveForm.php(73): TbActiveForm->inputRow('checkbox', Object(LoginForm), 'rememberMe', NULL, Array)
#9 /Users/YuKaSyariPhudin/Desktop/319Final/team6/themes/bootstrap/views/site/login.php(35): TbActiveForm->checkBoxRow(Object(LoginForm), 'rememberMe')
#10 /Users/YuKaSyariPhudin/Desktop/319Final/framework/web/CBaseController.php(126): require('/Users/YuKaSyar...')
#11 /Users/YuKaSyariPhudin/Desktop/319Final/framework/web/CBaseController.php(95): CBaseController->renderInternal('/Users/YuKaSyar...', Array, true)
#12 /Users/YuKaSyariPhudin/Desktop/319Final/framework/web/CController.php(869): CBaseController->renderFile('/Users/YuKaSyar...', Array, true)
#13 /Users/YuKaSyariPhudin/Desktop/319Final/framework/web/CController.php(782): CController->renderPartial('login', Array, true)
#14 /Users/YuKaSyariPhudin/Desktop/319Final/team6/protected/controllers/SiteController.php(98): CController->render('login', Array)
#15 /Users/YuKaSyariPhudin/Desktop/319Final/framework/web/actions/CInlineAction.php(49): SiteController->actionLogin()
#16 /Users/YuKaSyariPhudin/Desktop/319Final/framework/web/CController.php(308): CInlineAction->runWithParams(Array)
#17 /Users/YuKaSyariPhudin/Desktop/319Final/framework/web/CController.php(286): CController->runAction(Object(CInlineAction))
#18 /Users/YuKaSyariPhudin/Desktop/319Final/framework/web/CController.php(265): CController->runActionWithFilters(Object(CInlineAction), Array)
#19 /Users/YuKaSyariPhudin/Desktop/319Final/framework/web/CWebApplication.php(282): CController->run('login')
#20 /Users/YuKaSyariPhudin/Desktop/319Final/framework/web/CWebApplication.php(141): CWebApplication->runController('site/login')
#21 /Users/YuKaSyariPhudin/Desktop/319Final/framework/base/CApplication.php(180): CWebApplication->processRequest()
#22 /Users/YuKaSyariPhudin/Desktop/319Final/team6/index.php(13): CApplication->run()
#23 {main}
REQUEST_URI=/index.php?r=site/login
HTTP_REFERER=http://localhost:8888/index.php
---
2014/02/27 02:09:58 [error] [exception.CException] exception 'CException' with message 'Property "LoginForm.rememberMe" is not defined.' in /Users/YuKaSyariPhudin/Desktop/319Final/framework/base/CComponent.php:130
Stack trace:
#0 /Users/YuKaSyariPhudin/Desktop/319Final/framework/web/helpers/CHtml.php(2529): CComponent->__get('rememberMe')
#1 /Users/YuKaSyariPhudin/Desktop/319Final/framework/web/helpers/CHtml.php(1743): CHtml::resolveValue(Object(LoginForm), 'rememberMe')
#2 /Users/YuKaSyariPhudin/Desktop/319Final/framework/web/widgets/CActiveForm.php(831): CHtml::activeCheckBox(Object(LoginForm), 'rememberMe', Array)
#3 /Users/YuKaSyariPhudin/Desktop/319Final/team6/protected/extensions/bootstrap/widgets/input/TbInputHorizontal.php(51): CActiveForm->checkBox(Object(LoginForm), 'rememberMe', Array)
#4 /Users/YuKaSyariPhudin/Desktop/319Final/team6/protected/extensions/bootstrap/widgets/input/TbInput.php(189): TbInputHorizontal->checkBox()
#5 /Users/YuKaSyariPhudin/Desktop/319Final/team6/protected/extensions/bootstrap/widgets/input/TbInputHorizontal.php(24): TbInput->run()
#6 /Users/YuKaSyariPhudin/Desktop/319Final/framework/web/CBaseController.php(173): TbInputHorizontal->run()
#7 /Users/YuKaSyariPhudin/Desktop/319Final/team6/protected/extensions/bootstrap/widgets/TbActiveForm.php(497): CBaseController->widget('bootstrap.widge...', Array)
#8 /Users/YuKaSyariPhudin/Desktop/319Final/team6/protected/extensions/bootstrap/widgets/TbActiveForm.php(73): TbActiveForm->inputRow('checkbox', Object(LoginForm), 'rememberMe', NULL, Array)
#9 /Users/YuKaSyariPhudin/Desktop/319Final/team6/themes/bootstrap/views/site/login.php(35): TbActiveForm->checkBoxRow(Object(LoginForm), 'rememberMe')
#10 /Users/YuKaSyariPhudin/Desktop/319Final/framework/web/CBaseController.php(126): require('/Users/YuKaSyar...')
#11 /Users/YuKaSyariPhudin/Desktop/319Final/framework/web/CBaseController.php(95): CBaseController->renderInternal('/Users/YuKaSyar...', Array, true)
#12 /Users/YuKaSyariPhudin/Desktop/319Final/framework/web/CController.php(869): CBaseController->renderFile('/Users/YuKaSyar...', Array, true)
#13 /Users/YuKaSyariPhudin/Desktop/319Final/framework/web/CController.php(782): CController->renderPartial('login', Array, true)
#14 /Users/YuKaSyariPhudin/Desktop/319Final/team6/protected/controllers/SiteController.php(98): CController->render('login', Array)
#15 /Users/YuKaSyariPhudin/Desktop/319Final/framework/web/actions/CInlineAction.php(49): SiteController->actionLogin()
#16 /Users/YuKaSyariPhudin/Desktop/319Final/framework/web/CController.php(308): CInlineAction->runWithParams(Array)
#17 /Users/YuKaSyariPhudin/Desktop/319Final/framework/web/CController.php(286): CController->runAction(Object(CInlineAction))
#18 /Users/YuKaSyariPhudin/Desktop/319Final/framework/web/CController.php(265): CController->runActionWithFilters(Object(CInlineAction), Array)
#19 /Users/YuKaSyariPhudin/Desktop/319Final/framework/web/CWebApplication.php(282): CController->run('login')
#20 /Users/YuKaSyariPhudin/Desktop/319Final/framework/web/CWebApplication.php(141): CWebApplication->runController('site/login')
#21 /Users/YuKaSyariPhudin/Desktop/319Final/framework/base/CApplication.php(180): CWebApplication->processRequest()
#22 /Users/YuKaSyariPhudin/Desktop/319Final/team6/index.php(13): CApplication->run()
#23 {main}
REQUEST_URI=/index.php?r=site/login
---
2014/02/27 02:10:01 [error] [exception.CException] exception 'CException' with message 'Property "LoginForm.rememberMe" is not defined.' in /Users/YuKaSyariPhudin/Desktop/319Final/framework/base/CComponent.php:130
Stack trace:
#0 /Users/YuKaSyariPhudin/Desktop/319Final/framework/web/helpers/CHtml.php(2529): CComponent->__get('rememberMe')
#1 /Users/YuKaSyariPhudin/Desktop/319Final/framework/web/helpers/CHtml.php(1743): CHtml::resolveValue(Object(LoginForm), 'rememberMe')
#2 /Users/YuKaSyariPhudin/Desktop/319Final/framework/web/widgets/CActiveForm.php(831): CHtml::activeCheckBox(Object(LoginForm), 'rememberMe', Array)
#3 /Users/YuKaSyariPhudin/Desktop/319Final/team6/protected/extensions/bootstrap/widgets/input/TbInputHorizontal.php(51): CActiveForm->checkBox(Object(LoginForm), 'rememberMe', Array)
#4 /Users/YuKaSyariPhudin/Desktop/319Final/team6/protected/extensions/bootstrap/widgets/input/TbInput.php(189): TbInputHorizontal->checkBox()
#5 /Users/YuKaSyariPhudin/Desktop/319Final/team6/protected/extensions/bootstrap/widgets/input/TbInputHorizontal.php(24): TbInput->run()
#6 /Users/YuKaSyariPhudin/Desktop/319Final/framework/web/CBaseController.php(173): TbInputHorizontal->run()
#7 /Users/YuKaSyariPhudin/Desktop/319Final/team6/protected/extensions/bootstrap/widgets/TbActiveForm.php(497): CBaseController->widget('bootstrap.widge...', Array)
#8 /Users/YuKaSyariPhudin/Desktop/319Final/team6/protected/extensions/bootstrap/widgets/TbActiveForm.php(73): TbActiveForm->inputRow('checkbox', Object(LoginForm), 'rememberMe', NULL, Array)
#9 /Users/YuKaSyariPhudin/Desktop/319Final/team6/themes/bootstrap/views/site/login.php(35): TbActiveForm->checkBoxRow(Object(LoginForm), 'rememberMe')
#10 /Users/YuKaSyariPhudin/Desktop/319Final/framework/web/CBaseController.php(126): require('/Users/YuKaSyar...')
#11 /Users/YuKaSyariPhudin/Desktop/319Final/framework/web/CBaseController.php(95): CBaseController->renderInternal('/Users/YuKaSyar...', Array, true)
#12 /Users/YuKaSyariPhudin/Desktop/319Final/framework/web/CController.php(869): CBaseController->renderFile('/Users/YuKaSyar...', Array, true)
#13 /Users/YuKaSyariPhudin/Desktop/319Final/framework/web/CController.php(782): CController->renderPartial('login', Array, true)
#14 /Users/YuKaSyariPhudin/Desktop/319Final/team6/protected/controllers/SiteController.php(98): CController->render('login', Array)
#15 /Users/YuKaSyariPhudin/Desktop/319Final/framework/web/actions/CInlineAction.php(49): SiteController->actionLogin()
#16 /Users/YuKaSyariPhudin/Desktop/319Final/framework/web/CController.php(308): CInlineAction->runWithParams(Array)
#17 /Users/YuKaSyariPhudin/Desktop/319Final/framework/web/CController.php(286): CController->runAction(Object(CInlineAction))
#18 /Users/YuKaSyariPhudin/Desktop/319Final/framework/web/CController.php(265): CController->runActionWithFilters(Object(CInlineAction), Array)
#19 /Users/YuKaSyariPhudin/Desktop/319Final/framework/web/CWebApplication.php(282): CController->run('login')
#20 /Users/YuKaSyariPhudin/Desktop/319Final/framework/web/CWebApplication.php(141): CWebApplication->runController('site/login')
#21 /Users/YuKaSyariPhudin/Desktop/319Final/framework/base/CApplication.php(180): CWebApplication->processRequest()
#22 /Users/YuKaSyariPhudin/Desktop/319Final/team6/index.php(13): CApplication->run()
#23 {main}
REQUEST_URI=/index.php?r=site/login
---
2014/02/27 02:10:02 [error] [exception.CException] exception 'CException' with message 'Property "LoginForm.rememberMe" is not defined.' in /Users/YuKaSyariPhudin/Desktop/319Final/framework/base/CComponent.php:130
Stack trace:
#0 /Users/YuKaSyariPhudin/Desktop/319Final/framework/web/helpers/CHtml.php(2529): CComponent->__get('rememberMe')
#1 /Users/YuKaSyariPhudin/Desktop/319Final/framework/web/helpers/CHtml.php(1743): CHtml::resolveValue(Object(LoginForm), 'rememberMe')
#2 /Users/YuKaSyariPhudin/Desktop/319Final/framework/web/widgets/CActiveForm.php(831): CHtml::activeCheckBox(Object(LoginForm), 'rememberMe', Array)
#3 /Users/YuKaSyariPhudin/Desktop/319Final/team6/protected/extensions/bootstrap/widgets/input/TbInputHorizontal.php(51): CActiveForm->checkBox(Object(LoginForm), 'rememberMe', Array)
#4 /Users/YuKaSyariPhudin/Desktop/319Final/team6/protected/extensions/bootstrap/widgets/input/TbInput.php(189): TbInputHorizontal->checkBox()
#5 /Users/YuKaSyariPhudin/Desktop/319Final/team6/protected/extensions/bootstrap/widgets/input/TbInputHorizontal.php(24): TbInput->run()
#6 /Users/YuKaSyariPhudin/Desktop/319Final/framework/web/CBaseController.php(173): TbInputHorizontal->run()
#7 /Users/YuKaSyariPhudin/Desktop/319Final/team6/protected/extensions/bootstrap/widgets/TbActiveForm.php(497): CBaseController->widget('bootstrap.widge...', Array)
#8 /Users/YuKaSyariPhudin/Desktop/319Final/team6/protected/extensions/bootstrap/widgets/TbActiveForm.php(73): TbActiveForm->inputRow('checkbox', Object(LoginForm), 'rememberMe', NULL, Array)
#9 /Users/YuKaSyariPhudin/Desktop/319Final/team6/themes/bootstrap/views/site/login.php(35): TbActiveForm->checkBoxRow(Object(LoginForm), 'rememberMe')
#10 /Users/YuKaSyariPhudin/Desktop/319Final/framework/web/CBaseController.php(126): require('/Users/YuKaSyar...')
#11 /Users/YuKaSyariPhudin/Desktop/319Final/framework/web/CBaseController.php(95): CBaseController->renderInternal('/Users/YuKaSyar...', Array, true)
#12 /Users/YuKaSyariPhudin/Desktop/319Final/framework/web/CController.php(869): CBaseController->renderFile('/Users/YuKaSyar...', Array, true)
#13 /Users/YuKaSyariPhudin/Desktop/319Final/framework/web/CController.php(782): CController->renderPartial('login', Array, true)
#14 /Users/YuKaSyariPhudin/Desktop/319Final/team6/protected/controllers/SiteController.php(98): CController->render('login', Array)
#15 /Users/YuKaSyariPhudin/Desktop/319Final/framework/web/actions/CInlineAction.php(49): SiteController->actionLogin()
#16 /Users/YuKaSyariPhudin/Desktop/319Final/framework/web/CController.php(308): CInlineAction->runWithParams(Array)
#17 /Users/YuKaSyariPhudin/Desktop/319Final/framework/web/CController.php(286): CController->runAction(Object(CInlineAction))
#18 /Users/YuKaSyariPhudin/Desktop/319Final/framework/web/CController.php(265): CController->runActionWithFilters(Object(CInlineAction), Array)
#19 /Users/YuKaSyariPhudin/Desktop/319Final/framework/web/CWebApplication.php(282): CController->run('login')
#20 /Users/YuKaSyariPhudin/Desktop/319Final/framework/web/CWebApplication.php(141): CWebApplication->runController('site/login')
#21 /Users/YuKaSyariPhudin/Desktop/319Final/framework/base/CApplication.php(180): CWebApplication->processRequest()
#22 /Users/YuKaSyariPhudin/Desktop/319Final/team6/index.php(13): CApplication->run()
#23 {main}
REQUEST_URI=/index.php?r=site/login
---
2014/02/27 02:10:08 [error] [exception.CException] exception 'CException' with message 'Property "LoginForm.rememberMe" is not defined.' in /Users/YuKaSyariPhudin/Desktop/319Final/framework/base/CComponent.php:130
Stack trace:
#0 /Users/YuKaSyariPhudin/Desktop/319Final/framework/web/helpers/CHtml.php(2529): CComponent->__get('rememberMe')
#1 /Users/YuKaSyariPhudin/Desktop/319Final/framework/web/helpers/CHtml.php(1743): CHtml::resolveValue(Object(LoginForm), 'rememberMe')
#2 /Users/YuKaSyariPhudin/Desktop/319Final/framework/web/widgets/CActiveForm.php(831): CHtml::activeCheckBox(Object(LoginForm), 'rememberMe', Array)
#3 /Users/YuKaSyariPhudin/Desktop/319Final/team6/protected/extensions/bootstrap/widgets/input/TbInputHorizontal.php(51): CActiveForm->checkBox(Object(LoginForm), 'rememberMe', Array)
#4 /Users/YuKaSyariPhudin/Desktop/319Final/team6/protected/extensions/bootstrap/widgets/input/TbInput.php(189): TbInputHorizontal->checkBox()
#5 /Users/YuKaSyariPhudin/Desktop/319Final/team6/protected/extensions/bootstrap/widgets/input/TbInputHorizontal.php(24): TbInput->run()
#6 /Users/YuKaSyariPhudin/Desktop/319Final/framework/web/CBaseController.php(173): TbInputHorizontal->run()
#7 /Users/YuKaSyariPhudin/Desktop/319Final/team6/protected/extensions/bootstrap/widgets/TbActiveForm.php(497): CBaseController->widget('bootstrap.widge...', Array)
#8 /Users/YuKaSyariPhudin/Desktop/319Final/team6/protected/extensions/bootstrap/widgets/TbActiveForm.php(73): TbActiveForm->inputRow('checkbox', Object(LoginForm), 'rememberMe', NULL, Array)
#9 /Users/YuKaSyariPhudin/Desktop/319Final/team6/themes/bootstrap/views/site/login.php(35): TbActiveForm->checkBoxRow(Object(LoginForm), 'rememberMe')
#10 /Users/YuKaSyariPhudin/Desktop/319Final/framework/web/CBaseController.php(126): require('/Users/YuKaSyar...')
#11 /Users/YuKaSyariPhudin/Desktop/319Final/framework/web/CBaseController.php(95): CBaseController->renderInternal('/Users/YuKaSyar...', Array, true)
#12 /Users/YuKaSyariPhudin/Desktop/319Final/framework/web/CController.php(869): CBaseController->renderFile('/Users/YuKaSyar...', Array, true)
#13 /Users/YuKaSyariPhudin/Desktop/319Final/framework/web/CController.php(782): CController->renderPartial('login', Array, true)
#14 /Users/YuKaSyariPhudin/Desktop/319Final/team6/protected/controllers/SiteController.php(98): CController->render('login', Array)
#15 /Users/YuKaSyariPhudin/Desktop/319Final/framework/web/actions/CInlineAction.php(49): SiteController->actionLogin()
#16 /Users/YuKaSyariPhudin/Desktop/319Final/framework/web/CController.php(308): CInlineAction->runWithParams(Array)
#17 /Users/YuKaSyariPhudin/Desktop/319Final/framework/web/CController.php(286): CController->runAction(Object(CInlineAction))
#18 /Users/YuKaSyariPhudin/Desktop/319Final/framework/web/CController.php(265): CController->runActionWithFilters(Object(CInlineAction), Array)
#19 /Users/YuKaSyariPhudin/Desktop/319Final/framework/web/CWebApplication.php(282): CController->run('login')
#20 /Users/YuKaSyariPhudin/Desktop/319Final/framework/web/CWebApplication.php(141): CWebApplication->runController('site/login')
#21 /Users/YuKaSyariPhudin/Desktop/319Final/framework/base/CApplication.php(180): CWebApplication->processRequest()
#22 /Users/YuKaSyariPhudin/Desktop/319Final/team6/index.php(13): CApplication->run()
#23 {main}
REQUEST_URI=/index.php?r=site/login
HTTP_REFERER=http://localhost:8888/index.php
---
2014/02/27 02:28:25 [error] [exception.CException] exception 'CException' with message 'Alias "gii.GiiModule" is invalid. Make sure it points to an existing PHP file and the file is readable.' in /Users/YuKaSyariPhudin/Desktop/319Final/framework/YiiBase.php:322
Stack trace:
#0 /Users/YuKaSyariPhudin/Desktop/319Final/framework/YiiBase.php(196): YiiBase::import('gii.GiiModule', true)
#1 /Users/YuKaSyariPhudin/Desktop/319Final/framework/base/CModule.php(282): YiiBase::createComponent('gii.GiiModule', 'gii', NULL, Array)
#2 /Users/YuKaSyariPhudin/Desktop/319Final/framework/web/CWebApplication.php(337): CModule->getModule('gii')
#3 /Users/YuKaSyariPhudin/Desktop/319Final/framework/web/CWebApplication.php(276): CWebApplication->createController('gii')
#4 /Users/YuKaSyariPhudin/Desktop/319Final/framework/web/CWebApplication.php(141): CWebApplication->runController('gii')
#5 /Users/YuKaSyariPhudin/Desktop/319Final/framework/base/CApplication.php(180): CWebApplication->processRequest()
#6 /Users/YuKaSyariPhudin/Desktop/319Final/team6/index.php(13): CApplication->run()
#7 {main}
REQUEST_URI=/index.php?r=gii
---
2014/02/27 02:54:27 [error] [php] Trying to get property of non-object (/Users/YuKaSyariPhudin/Desktop/319Final/team6/protected/views/layouts/main.php:8)
Stack trace:
#0 /Users/YuKaSyariPhudin/Desktop/319Final/framework/web/widgets/CContentDecorator.php(76): SiteController->renderFile()
#1 /Users/YuKaSyariPhudin/Desktop/319Final/framework/web/widgets/CContentDecorator.php(54): CContentDecorator->decorate()
#2 /Users/YuKaSyariPhudin/Desktop/319Final/framework/web/widgets/COutputProcessor.php(44): CContentDecorator->processOutput()
#3 /Users/YuKaSyariPhudin/Desktop/319Final/framework/web/CBaseController.php(206): CContentDecorator->run()
#4 /Users/YuKaSyariPhudin/Desktop/319Final/framework/web/CBaseController.php(300): SiteController->endWidget()
#5 /Users/YuKaSyariPhudin/Desktop/319Final/team6/protected/views/layouts/column1.php(6): SiteController->endContent()
#6 /Users/YuKaSyariPhudin/Desktop/319Final/framework/web/CBaseController.php(126): require()
#7 /Users/YuKaSyariPhudin/Desktop/319Final/framework/web/CBaseController.php(95): SiteController->renderInternal()
#8 /Users/YuKaSyariPhudin/Desktop/319Final/framework/web/CController.php(784): SiteController->renderFile()
#9 /Users/YuKaSyariPhudin/Desktop/319Final/team6/protected/controllers/SiteController.php(32): SiteController->render()
#10 /Users/YuKaSyariPhudin/Desktop/319Final/framework/web/actions/CInlineAction.php(49): SiteController->actionIndex()
#11 /Users/YuKaSyariPhudin/Desktop/319Final/framework/web/CController.php(308): CInlineAction->runWithParams()
#12 /Users/YuKaSyariPhudin/Desktop/319Final/framework/web/CController.php(286): SiteController->runAction()
#13 /Users/YuKaSyariPhudin/Desktop/319Final/framework/web/CController.php(265): SiteController->runActionWithFilters()
#14 /Users/YuKaSyariPhudin/Desktop/319Final/framework/web/CWebApplication.php(282): SiteController->run()
#15 /Users/YuKaSyariPhudin/Desktop/319Final/framework/web/CWebApplication.php(141): CWebApplication->runController()
#16 /Users/YuKaSyariPhudin/Desktop/319Final/framework/base/CApplication.php(180): CWebApplication->processRequest()
#17 /Users/YuKaSyariPhudin/Desktop/319Final/team6/index.php(13): CWebApplication->run()
REQUEST_URI=/index.php
in /Users/YuKaSyariPhudin/Desktop/319Final/team6/protected/views/layouts/main.php (8)
in /Users/YuKaSyariPhudin/Desktop/319Final/team6/protected/views/layouts/column1.php (6)
in /Users/YuKaSyariPhudin/Desktop/319Final/team6/protected/controllers/SiteController.php (32)
2014/02/27 02:55:09 [error] [php] Trying to get property of non-object (/Users/YuKaSyariPhudin/Desktop/319Final/team6/protected/views/layouts/main.php:8)
Stack trace:
#0 /Users/YuKaSyariPhudin/Desktop/319Final/framework/web/widgets/CContentDecorator.php(76): SiteController->renderFile()
#1 /Users/YuKaSyariPhudin/Desktop/319Final/framework/web/widgets/CContentDecorator.php(54): CContentDecorator->decorate()
#2 /Users/YuKaSyariPhudin/Desktop/319Final/framework/web/widgets/COutputProcessor.php(44): CContentDecorator->processOutput()
#3 /Users/YuKaSyariPhudin/Desktop/319Final/framework/web/CBaseController.php(206): CContentDecorator->run()
#4 /Users/YuKaSyariPhudin/Desktop/319Final/framework/web/CBaseController.php(300): SiteController->endWidget()
#5 /Users/YuKaSyariPhudin/Desktop/319Final/team6/protected/views/layouts/column1.php(6): SiteController->endContent()
#6 /Users/YuKaSyariPhudin/Desktop/319Final/framework/web/CBaseController.php(126): require()
#7 /Users/YuKaSyariPhudin/Desktop/319Final/framework/web/CBaseController.php(95): SiteController->renderInternal()
#8 /Users/YuKaSyariPhudin/Desktop/319Final/framework/web/CController.php(784): SiteController->renderFile()
#9 /Users/YuKaSyariPhudin/Desktop/319Final/team6/protected/controllers/SiteController.php(32): SiteController->render()
#10 /Users/YuKaSyariPhudin/Desktop/319Final/framework/web/actions/CInlineAction.php(49): SiteController->actionIndex()
#11 /Users/YuKaSyariPhudin/Desktop/319Final/framework/web/CController.php(308): CInlineAction->runWithParams()
#12 /Users/YuKaSyariPhudin/Desktop/319Final/framework/web/CController.php(286): SiteController->runAction()
#13 /Users/YuKaSyariPhudin/Desktop/319Final/framework/web/CController.php(265): SiteController->runActionWithFilters()
#14 /Users/YuKaSyariPhudin/Desktop/319Final/framework/web/CWebApplication.php(282): SiteController->run()
#15 /Users/YuKaSyariPhudin/Desktop/319Final/framework/web/CWebApplication.php(141): CWebApplication->runController()
#16 /Users/YuKaSyariPhudin/Desktop/319Final/framework/base/CApplication.php(180): CWebApplication->processRequest()
#17 /Users/YuKaSyariPhudin/Desktop/319Final/team6/index.php(13): CWebApplication->run()
REQUEST_URI=/index.php
in /Users/YuKaSyariPhudin/Desktop/319Final/team6/protected/views/layouts/main.php (8)
in /Users/YuKaSyariPhudin/Desktop/319Final/team6/protected/views/layouts/column1.php (6)
in /Users/YuKaSyariPhudin/Desktop/319Final/team6/protected/controllers/SiteController.php (32)
2014/02/27 02:55:54 [error] [php] Trying to get property of non-object (/Users/YuKaSyariPhudin/Desktop/319Final/team6/protected/views/layouts/main.php:8)
Stack trace:
#0 /Users/YuKaSyariPhudin/Desktop/319Final/framework/web/widgets/CContentDecorator.php(76): SiteController->renderFile()
#1 /Users/YuKaSyariPhudin/Desktop/319Final/framework/web/widgets/CContentDecorator.php(54): CContentDecorator->decorate()
#2 /Users/YuKaSyariPhudin/Desktop/319Final/framework/web/widgets/COutputProcessor.php(44): CContentDecorator->processOutput()
#3 /Users/YuKaSyariPhudin/Desktop/319Final/framework/web/CBaseController.php(206): CContentDecorator->run()
#4 /Users/YuKaSyariPhudin/Desktop/319Final/framework/web/CBaseController.php(300): SiteController->endWidget()
#5 /Users/YuKaSyariPhudin/Desktop/319Final/team6/protected/views/layouts/column1.php(6): SiteController->endContent()
#6 /Users/YuKaSyariPhudin/Desktop/319Final/framework/web/CBaseController.php(126): require()
#7 /Users/YuKaSyariPhudin/Desktop/319Final/framework/web/CBaseController.php(95): SiteController->renderInternal()
#8 /Users/YuKaSyariPhudin/Desktop/319Final/framework/web/CController.php(784): SiteController->renderFile()
#9 /Users/YuKaSyariPhudin/Desktop/319Final/team6/protected/controllers/SiteController.php(32): SiteController->render()
#10 /Users/YuKaSyariPhudin/Desktop/319Final/framework/web/actions/CInlineAction.php(49): SiteController->actionIndex()
#11 /Users/YuKaSyariPhudin/Desktop/319Final/framework/web/CController.php(308): CInlineAction->runWithParams()
#12 /Users/YuKaSyariPhudin/Desktop/319Final/framework/web/CController.php(286): SiteController->runAction()
#13 /Users/YuKaSyariPhudin/Desktop/319Final/framework/web/CController.php(265): SiteController->runActionWithFilters()
#14 /Users/YuKaSyariPhudin/Desktop/319Final/framework/web/CWebApplication.php(282): SiteController->run()
#15 /Users/YuKaSyariPhudin/Desktop/319Final/framework/web/CWebApplication.php(141): CWebApplication->runController()
#16 /Users/YuKaSyariPhudin/Desktop/319Final/framework/base/CApplication.php(180): CWebApplication->processRequest()
#17 /Users/YuKaSyariPhudin/Desktop/319Final/team6/index.php(13): CWebApplication->run()
REQUEST_URI=/index.php
in /Users/YuKaSyariPhudin/Desktop/319Final/team6/protected/views/layouts/main.php (8)
in /Users/YuKaSyariPhudin/Desktop/319Final/team6/protected/views/layouts/column1.php (6)
in /Users/YuKaSyariPhudin/Desktop/319Final/team6/protected/controllers/SiteController.php (32)
2014/02/27 03:24:33 [error] [exception.CHttpException.404] exception 'CHttpException' with message 'The system is unable to find the requested action "testDbConnection".' in /Users/YuKaSyariPhudin/Desktop/319Final/framework/web/CController.php:483
Stack trace:
#0 /Users/YuKaSyariPhudin/Desktop/319Final/framework/web/CController.php(270): CController->missingAction('testDbConnectio...')
#1 /Users/YuKaSyariPhudin/Desktop/319Final/framework/web/CWebApplication.php(282): CController->run('testDbConnectio...')
#2 /Users/YuKaSyariPhudin/Desktop/319Final/framework/web/CWebApplication.php(141): CWebApplication->runController('site/testDbConn...')
#3 /Users/YuKaSyariPhudin/Desktop/319Final/framework/base/CApplication.php(180): CWebApplication->processRequest()
#4 /Users/YuKaSyariPhudin/Desktop/319Final/team6/index.php(13): CApplication->run()
#5 {main}
REQUEST_URI=/index.php?r=site/testDbConnection
---
2014/02/27 03:24:43 [error] [exception.CHttpException.404] exception 'CHttpException' with message 'The system is unable to find the requested action "login.php".' in /Users/YuKaSyariPhudin/Desktop/319Final/framework/web/CController.php:483
Stack trace:
#0 /Users/YuKaSyariPhudin/Desktop/319Final/framework/web/CController.php(270): CController->missingAction('login.php')
#1 /Users/YuKaSyariPhudin/Desktop/319Final/framework/web/CWebApplication.php(282): CController->run('login.php')
#2 /Users/YuKaSyariPhudin/Desktop/319Final/framework/web/CWebApplication.php(141): CWebApplication->runController('site/login.php')
#3 /Users/YuKaSyariPhudin/Desktop/319Final/framework/base/CApplication.php(180): CWebApplication->processRequest()
#4 /Users/YuKaSyariPhudin/Desktop/319Final/team6/index.php(13): CApplication->run()
#5 {main}
REQUEST_URI=/index.php?r=site/login.php
---
2014/02/27 03:25:13 [error] [exception.CHttpException.404] exception 'CHttpException' with message 'The system is unable to find the requested action "login.php".' in /Users/YuKaSyariPhudin/Desktop/319Final/framework/web/CController.php:483
Stack trace:
#0 /Users/YuKaSyariPhudin/Desktop/319Final/framework/web/CController.php(270): CController->missingAction('login.php')
#1 /Users/YuKaSyariPhudin/Desktop/319Final/framework/web/CWebApplication.php(282): CController->run('login.php')
#2 /Users/YuKaSyariPhudin/Desktop/319Final/framework/web/CWebApplication.php(141): CWebApplication->runController('site/login.php')
#3 /Users/YuKaSyariPhudin/Desktop/319Final/framework/base/CApplication.php(180): CWebApplication->processRequest()
#4 /Users/YuKaSyariPhudin/Desktop/319Final/team6/index.php(13): CApplication->run()
#5 {main}
REQUEST_URI=/index.php?r=site/login.php
---
2014/02/27 03:27:30 [error] [php] Undefined variable: model (/Users/YuKaSyariPhudin/Desktop/319Final/team6/protected/views/site/index.php:24)
Stack trace:
#0 /Users/YuKaSyariPhudin/Desktop/319Final/framework/web/CController.php(869): SiteController->renderFile()
#1 /Users/YuKaSyariPhudin/Desktop/319Final/framework/web/CController.php(782): SiteController->renderPartial()
#2 /Users/YuKaSyariPhudin/Desktop/319Final/team6/protected/controllers/SiteController.php(32): SiteController->render()
#3 /Users/YuKaSyariPhudin/Desktop/319Final/framework/web/actions/CInlineAction.php(49): SiteController->actionIndex()
#4 /Users/YuKaSyariPhudin/Desktop/319Final/framework/web/CController.php(308): CInlineAction->runWithParams()
#5 /Users/YuKaSyariPhudin/Desktop/319Final/framework/web/CController.php(286): SiteController->runAction()
#6 /Users/YuKaSyariPhudin/Desktop/319Final/framework/web/CController.php(265): SiteController->runActionWithFilters()
#7 /Users/YuKaSyariPhudin/Desktop/319Final/framework/web/CWebApplication.php(282): SiteController->run()
#8 /Users/YuKaSyariPhudin/Desktop/319Final/framework/web/CWebApplication.php(141): CWebApplication->runController()
#9 /Users/YuKaSyariPhudin/Desktop/319Final/framework/base/CApplication.php(180): CWebApplication->processRequest()
#10 /Users/YuKaSyariPhudin/Desktop/319Final/team6/index.php(13): CWebApplication->run()
REQUEST_URI=/index.php
in /Users/YuKaSyariPhudin/Desktop/319Final/team6/protected/views/site/index.php (24)
in /Users/YuKaSyariPhudin/Desktop/319Final/team6/protected/controllers/SiteController.php (32)
in /Users/YuKaSyariPhudin/Desktop/319Final/team6/index.php (13)
2014/02/27 03:28:34 [error] [php] Undefined variable: model (/Users/YuKaSyariPhudin/Desktop/319Final/team6/protected/views/site/index.php:24)
Stack trace:
#0 /Users/YuKaSyariPhudin/Desktop/319Final/framework/web/CController.php(869): SiteController->renderFile()
#1 /Users/YuKaSyariPhudin/Desktop/319Final/framework/web/CController.php(782): SiteController->renderPartial()
#2 /Users/YuKaSyariPhudin/Desktop/319Final/team6/protected/controllers/SiteController.php(32): SiteController->render()
#3 /Users/YuKaSyariPhudin/Desktop/319Final/framework/web/actions/CInlineAction.php(49): SiteController->actionIndex()
#4 /Users/YuKaSyariPhudin/Desktop/319Final/framework/web/CController.php(308): CInlineAction->runWithParams()
#5 /Users/YuKaSyariPhudin/Desktop/319Final/framework/web/CController.php(286): SiteController->runAction()
#6 /Users/YuKaSyariPhudin/Desktop/319Final/framework/web/CController.php(265): SiteController->runActionWithFilters()
#7 /Users/YuKaSyariPhudin/Desktop/319Final/framework/web/CWebApplication.php(282): SiteController->run()
#8 /Users/YuKaSyariPhudin/Desktop/319Final/framework/web/CWebApplication.php(141): CWebApplication->runController()
#9 /Users/YuKaSyariPhudin/Desktop/319Final/framework/base/CApplication.php(180): CWebApplication->processRequest()
#10 /Users/YuKaSyariPhudin/Desktop/319Final/team6/index.php(13): CWebApplication->run()
REQUEST_URI=/index.php
in /Users/YuKaSyariPhudin/Desktop/319Final/team6/protected/views/site/index.php (24)
in /Users/YuKaSyariPhudin/Desktop/319Final/team6/protected/controllers/SiteController.php (32)
in /Users/YuKaSyariPhudin/Desktop/319Final/team6/index.php (13)
2014/02/28 00:54:16 [error] [exception.CException] exception 'CException' with message 'Property "RegisterForm.email" is not defined.' in /Users/YuKaSyariPhudin/Desktop/319Final/framework/base/CComponent.php:130
Stack trace:
#0 /Users/YuKaSyariPhudin/Desktop/319Final/framework/web/helpers/CHtml.php(2529): CComponent->__get('email')
#1 /Users/YuKaSyariPhudin/Desktop/319Final/framework/web/helpers/CHtml.php(2252): CHtml::resolveValue(Object(RegisterForm), 'email')
#2 /Users/YuKaSyariPhudin/Desktop/319Final/framework/web/helpers/CHtml.php(1434): CHtml::activeInputField('text', Object(RegisterForm), 'email', Array)
#3 /Users/YuKaSyariPhudin/Desktop/319Final/framework/web/widgets/CActiveForm.php(725): CHtml::activeTextField(Object(RegisterForm), 'email', Array)
#4 /Users/YuKaSyariPhudin/Desktop/319Final/team6/protected/views/site/register.php(28): CActiveForm->textField(Object(RegisterForm), 'email')
#5 /Users/YuKaSyariPhudin/Desktop/319Final/framework/web/CBaseController.php(126): require('/Users/YuKaSyar...')
#6 /Users/YuKaSyariPhudin/Desktop/319Final/framework/web/CBaseController.php(95): CBaseController->renderInternal('/Users/YuKaSyar...', Array, true)
#7 /Users/YuKaSyariPhudin/Desktop/319Final/framework/web/CController.php(869): CBaseController->renderFile('/Users/YuKaSyar...', Array, true)
#8 /Users/YuKaSyariPhudin/Desktop/319Final/framework/web/CController.php(782): CController->renderPartial('register', Array, true)
#9 /Users/YuKaSyariPhudin/Desktop/319Final/team6/protected/controllers/SiteController.php(88): CController->render('register', Array)
#10 /Users/YuKaSyariPhudin/Desktop/319Final/framework/web/actions/CInlineAction.php(49): SiteController->actionRegister()
#11 /Users/YuKaSyariPhudin/Desktop/319Final/framework/web/CController.php(308): CInlineAction->runWithParams(Array)
#12 /Users/YuKaSyariPhudin/Desktop/319Final/framework/web/CController.php(286): CController->runAction(Object(CInlineAction))
#13 /Users/YuKaSyariPhudin/Desktop/319Final/framework/web/CController.php(265): CController->runActionWithFilters(Object(CInlineAction), Array)
#14 /Users/YuKaSyariPhudin/Desktop/319Final/framework/web/CWebApplication.php(282): CController->run('register')
#15 /Users/YuKaSyariPhudin/Desktop/319Final/framework/web/CWebApplication.php(141): CWebApplication->runController('site/register')
#16 /Users/YuKaSyariPhudin/Desktop/319Final/framework/base/CApplication.php(180): CWebApplication->processRequest()
#17 /Users/YuKaSyariPhudin/Desktop/319Final/team6/index.php(13): CApplication->run()
#18 {main}
REQUEST_URI=/index.php?r=site/register
HTTP_REFERER=http://localhost:8888/index.php
---
2014/02/28 23:15:04 [error] [exception.CException] exception 'CException' with message 'SiteController cannot find the requested view "register".' in /Users/YuKaSyariPhudin/Desktop/319Final/framework/web/CController.php:878
Stack trace:
#0 /Users/YuKaSyariPhudin/Desktop/319Final/framework/web/CController.php(782): CController->renderPartial('register', Array, true)
#1 /Users/YuKaSyariPhudin/Desktop/319Final/team6/protected/controllers/SiteController.php(88): CController->render('register', Array)
#2 /Users/YuKaSyariPhudin/Desktop/319Final/framework/web/actions/CInlineAction.php(49): SiteController->actionRegister()
#3 /Users/YuKaSyariPhudin/Desktop/319Final/framework/web/CController.php(308): CInlineAction->runWithParams(Array)
#4 /Users/YuKaSyariPhudin/Desktop/319Final/framework/web/CController.php(286): CController->runAction(Object(CInlineAction))
#5 /Users/YuKaSyariPhudin/Desktop/319Final/framework/web/CController.php(265): CController->runActionWithFilters(Object(CInlineAction), Array)
#6 /Users/YuKaSyariPhudin/Desktop/319Final/framework/web/CWebApplication.php(282): CController->run('register')
#7 /Users/YuKaSyariPhudin/Desktop/319Final/framework/web/CWebApplication.php(141): CWebApplication->runController('site/register')
#8 /Users/YuKaSyariPhudin/Desktop/319Final/framework/base/CApplication.php(180): CWebApplication->processRequest()
#9 /Users/YuKaSyariPhudin/Desktop/319Final/team6/index.php(13): CApplication->run()
#10 {main}
REQUEST_URI=/index.php?r=site/register
HTTP_REFERER=http://localhost:8888/index.php
---
2014/02/28 23:18:19 [error] [exception.CHttpException.404] exception 'CHttpException' with message 'Unable to resolve the request "user".' in /Users/YuKaSyariPhudin/Desktop/319Final/framework/web/CWebApplication.php:286
Stack trace:
#0 /Users/YuKaSyariPhudin/Desktop/319Final/framework/web/CWebApplication.php(141): CWebApplication->runController('user')
#1 /Users/YuKaSyariPhudin/Desktop/319Final/framework/base/CApplication.php(180): CWebApplication->processRequest()
#2 /Users/YuKaSyariPhudin/Desktop/319Final/team6/index.php(13): CApplication->run()
#3 {main}
REQUEST_URI=/index.php?r=user
---
